<?xml version="1.0" encoding="UTF-8"?>
<!-- Generated by org.testng.reporters.JUnitReportReporter -->
<testsuite hostname="DESKTOP-1M9NOUK" failures="0" tests="2" name="ExcelTest.ToVerifyLoginPageFlipcart" time="63.349" errors="0" timestamp="2022-07-05T19:13:24 IST" skipped="0">
  <testcase classname="ExcelTest.ToVerifyLoginPageFlipcart" name="testToLogin" time="37.222"/>
  <system-out/>
  <testcase classname="ExcelTest.ToVerifyLoginPageFlipcart" name="testtoaddproduct" time="26.127"/>
  <system-out/>
</testsuite> <!-- ExcelTest.ToVerifyLoginPageFlipcart -->
