<?xml version="1.0" encoding="UTF-8"?>
<!-- Generated by org.testng.reporters.JUnitReportReporter -->
<testsuite hostname="DESKTOP-1M9NOUK" failures="0" tests="6" name="ExcelTest.ToVerifySelectedProduct" time="239.690" errors="0" timestamp="2022-07-10T22:51:26 IST" skipped="0">
  <testcase classname="ExcelTest.ToVerifySelectedProduct" name="testToSearchProduct" time="41.652"/>
  <system-out/>
  <testcase classname="ExcelTest.ToVerifySelectedProduct" name="testToSearchProduct" time="46.299"/>
  <system-out/>
  <testcase classname="ExcelTest.ToVerifySelectedProduct" name="testToSearchProduct" time="25.336"/>
  <system-out/>
  <testcase classname="ExcelTest.ToVerifySelectedProduct" name="testToSearchProduct" time="29.520"/>
  <system-out/>
  <testcase classname="ExcelTest.ToVerifySelectedProduct" name="testToSelectProduct" time="53.095"/>
  <system-out/>
  <testcase classname="ExcelTest.ToVerifySelectedProduct" name="testToSelectProduct" time="43.788"/>
  <system-out/>
</testsuite> <!-- ExcelTest.ToVerifySelectedProduct -->
