<?xml version="1.0" encoding="UTF-8"?>
<!-- Generated by org.testng.reporters.JUnitReportReporter -->
<testsuite hostname="DESKTOP-1M9NOUK" failures="0" tests="2" name="ExcelTest.ToVerifyRemoveProduct" time="140.660" errors="0" timestamp="2022-07-12T20:38:51 IST" skipped="0">
  <testcase classname="ExcelTest.ToVerifyRemoveProduct" name="testToSelcectProduct" time="72.900"/>
  <system-out/>
  <testcase classname="ExcelTest.ToVerifyRemoveProduct" name="testToSelcectProduct" time="67.760"/>
  <system-out/>
</testsuite> <!-- ExcelTest.ToVerifyRemoveProduct -->
